#
# There is insufficient memory for the Java Runtime Environment to continue.
# Native memory allocation (mmap) failed to map 134217728 bytes for G1 virtual space
# Possible reasons:
#   The system is out of physical RAM or swap space
#   The process is running with CompressedOops enabled, and the Java Heap may be blocking the growth of the native heap
# Possible solutions:
#   Reduce memory load on the system
#   Increase physical memory or swap space
#   Check if swap backing store is full
#   Decrease Java heap size (-Xmx/-Xms)
#   Decrease number of Java threads
#   Decrease Java thread stack sizes (-Xss)
#   Set larger code cache with -XX:ReservedCodeCacheSize=
#   JVM is running with Unscaled Compressed Oops mode in which the Java heap is
#     placed in the first 4GB address space. The Java Heap base address is the
#     maximum limit for the native heap growth. Please use -XX:HeapBaseMinAddress
#     to set the Java Heap base and to place the Java Heap above 4GB virtual address.
# This output file may be truncated or incomplete.
#
#  Out of Memory Error (os_windows.cpp:3760), pid=16424, tid=11516
#
# JRE version:  (17.0.5+1) (build )
# Java VM: OpenJDK 64-Bit Server VM (17.0.5+1-b653.25, mixed mode, sharing, tiered, compressed oops, compressed class ptrs, g1 gc, windows-amd64)
# No core dump will be written. Minidumps are not enabled by default on client versions of Windows
#

---------------  S U M M A R Y ------------

Command Line: git4idea.http.GitAskPassApp Username for 'https://github.com': 

Host: Intel(R) Core(TM) i3-8145U CPU @ 2.10GHz, 4 cores, 7G,  Windows 11 , 64 bit Build 22621 (10.0.22621.4830)
Time: Sat Feb 22 18:51:17 2025 Hora padrão de GMT elapsed time: 0.012847 seconds (0d 0h 0m 0s)

---------------  T H R E A D  ---------------

Current thread (0x000001e350c73c40):  JavaThread "Unknown thread" [_thread_in_vm, id=11516, stack(0x000000936ed00000,0x000000936ee00000)]

Stack: [0x000000936ed00000,0x000000936ee00000]
Native frames: (J=compiled Java code, j=interpreted, Vv=VM code, C=native code)
V  [jvm.dll+0x6830ca]
V  [jvm.dll+0x83f4c4]
V  [jvm.dll+0x840c6e]
V  [jvm.dll+0x8412d3]
V  [jvm.dll+0x2490b5]
V  [jvm.dll+0x67ff99]
V  [jvm.dll+0x6744aa]
V  [jvm.dll+0x308f2b]
V  [jvm.dll+0x3103e6]
V  [jvm.dll+0x36013e]
V  [jvm.dll+0x36036f]
V  [jvm.dll+0x2df018]
V  [jvm.dll+0x2dff84]
V  [jvm.dll+0x810d91]
V  [jvm.dll+0x36df31]
V  [jvm.dll+0x7f028c]
V  [jvm.dll+0x3f0cbf]
V  [jvm.dll+0x3f2801]
C  [jli.dll+0x526b]
C  [ucrtbase.dll+0x29333]
C  [KERNEL32.DLL+0x1259d]
C  [ntdll.dll+0x5af38]


---------------  P R O C E S S  ---------------

Threads class SMR info:
_java_thread_list=0x00007fff5b468f98, length=0, elements={
}

Java Threads: ( => current thread )

Other Threads:
  0x000001e350ccc2c0 GCTaskThread "GC Thread#0" [stack: 0x000000936ee00000,0x000000936ef00000] [id=11084]
  0x000001e350cdce40 ConcurrentGCThread "G1 Main Marker" [stack: 0x000000936ef00000,0x000000936f000000] [id=1196]
  0x000001e350cdd850 ConcurrentGCThread "G1 Conc#0" [stack: 0x000000936f000000,0x000000936f100000] [id=9128]

[error occurred during error reporting (printing all threads), id 0xc0000005, EXCEPTION_ACCESS_VIOLATION (0xc0000005) at pc=0x00007fff5ac1fbd7]

VM state: not at safepoint (not fully initialized)

VM Mutex/Monitor currently owned by a thread:  ([mutex/lock_event])
[0x000001e350c6ede0] Heap_lock - owner thread: 0x000001e350c73c40

Heap address: 0x0000000081e00000, size: 2018 MB, Compressed Oops mode: 32-bit

CDS archive(s) mapped at: [0x0000000000000000-0x0000000000000000-0x0000000000000000), size 0, SharedBaseAddress: 0x0000000800000000, ArchiveRelocationMode: 0.
Narrow klass base: 0x0000000000000000, Narrow klass shift: 0, Narrow klass range: 0x0

GC Precious Log:
<Empty>

Heap:
 garbage-first heap   total 0K, used 0K [0x0000000081e00000, 0x0000000100000000)
  region size 1024K, 0 young (0K), 0 survivors (0K)

[error occurred during error reporting (printing heap information), id 0xc0000005, EXCEPTION_ACCESS_VIOLATION (0xc0000005) at pc=0x00007fff5b00cd59]

GC Heap History (0 events):
No events

Dll operation events (1 events):
Event: 0.009 Loaded shared library C:\Program Files\JetBrains\IntelliJ IDEA Community Edition 2022.3.2\jbr\bin\java.dll

Deoptimization events (0 events):
No events

Classes unloaded (0 events):
No events

Classes redefined (0 events):
No events

Internal exceptions (0 events):
No events

VM Operations (0 events):
No events

Events (0 events):
No events


Dynamic libraries:
0x00007ff621250000 - 0x00007ff62125a000 	C:\Program Files\JetBrains\IntelliJ IDEA Community Edition 2022.3.2\jbr\bin\java.exe
0x00007fffc2330000 - 0x00007fffc2547000 	C:\WINDOWS\SYSTEM32\ntdll.dll
0x00007fffc0ee0000 - 0x00007fffc0fa4000 	C:\WINDOWS\System32\KERNEL32.DLL
0x00007fffbf8a0000 - 0x00007fffbfc70000 	C:\WINDOWS\System32\KERNELBASE.dll
0x00007fffbf700000 - 0x00007fffbf811000 	C:\WINDOWS\System32\ucrtbase.dll
0x00007fff8b6d0000 - 0x00007fff8b6e7000 	C:\Program Files\JetBrains\IntelliJ IDEA Community Edition 2022.3.2\jbr\bin\jli.dll
0x00007fff32130000 - 0x00007fff3214b000 	C:\Program Files\JetBrains\IntelliJ IDEA Community Edition 2022.3.2\jbr\bin\VCRUNTIME140.dll
0x00007fffc0450000 - 0x00007fffc05fe000 	C:\WINDOWS\System32\USER32.dll
0x00007fffbfc70000 - 0x00007fffbfc96000 	C:\WINDOWS\System32\win32u.dll
0x00007fffa6c90000 - 0x00007fffa6f22000 	C:\WINDOWS\WinSxS\amd64_microsoft.windows.common-controls_6595b64144ccf1df_6.0.22621.4830_none_270fe7d773858e80\COMCTL32.dll
0x00007fffc0fb0000 - 0x00007fffc0fd9000 	C:\WINDOWS\System32\GDI32.dll
0x00007fffc0130000 - 0x00007fffc01d7000 	C:\WINDOWS\System32\msvcrt.dll
0x00007fffbf5e0000 - 0x00007fffbf6fb000 	C:\WINDOWS\System32\gdi32full.dll
0x00007fffbfe40000 - 0x00007fffbfeda000 	C:\WINDOWS\System32\msvcp_win.dll
0x00007fffc13c0000 - 0x00007fffc13f1000 	C:\WINDOWS\System32\IMM32.DLL
0x00007fffbaa10000 - 0x00007fffbaa1c000 	C:\Program Files\JetBrains\IntelliJ IDEA Community Edition 2022.3.2\jbr\bin\vcruntime140_1.dll
0x00007fff320a0000 - 0x00007fff3212d000 	C:\Program Files\JetBrains\IntelliJ IDEA Community Edition 2022.3.2\jbr\bin\msvcp140.dll
0x00007fff5a930000 - 0x00007fff5b59b000 	C:\Program Files\JetBrains\IntelliJ IDEA Community Edition 2022.3.2\jbr\bin\server\jvm.dll
0x00007fffc0390000 - 0x00007fffc0441000 	C:\WINDOWS\System32\ADVAPI32.dll
0x00007fffc0e30000 - 0x00007fffc0ed7000 	C:\WINDOWS\System32\sechost.dll
0x00007fffbfca0000 - 0x00007fffbfcc8000 	C:\WINDOWS\System32\bcrypt.dll
0x00007fffc0240000 - 0x00007fffc0354000 	C:\WINDOWS\System32\RPCRT4.dll
0x00007fff9d610000 - 0x00007fff9d619000 	C:\WINDOWS\SYSTEM32\WSOCK32.dll
0x00007fffb85c0000 - 0x00007fffb85f4000 	C:\WINDOWS\SYSTEM32\WINMM.dll
0x00007fffc19e0000 - 0x00007fffc1a51000 	C:\WINDOWS\System32\WS2_32.dll
0x00007fffb3330000 - 0x00007fffb333a000 	C:\WINDOWS\SYSTEM32\VERSION.dll
0x00007fffbe5e0000 - 0x00007fffbe5f8000 	C:\WINDOWS\SYSTEM32\kernel.appcore.dll
0x00007fffb51d0000 - 0x00007fffb51da000 	C:\Program Files\JetBrains\IntelliJ IDEA Community Edition 2022.3.2\jbr\bin\jimage.dll
0x00007fffbcf00000 - 0x00007fffbd132000 	C:\WINDOWS\SYSTEM32\DBGHELP.DLL
0x00007fffc1490000 - 0x00007fffc1820000 	C:\WINDOWS\System32\combase.dll
0x00007fffc12e0000 - 0x00007fffc13b7000 	C:\WINDOWS\System32\OLEAUT32.dll
0x00007fffa0550000 - 0x00007fffa0582000 	C:\WINDOWS\SYSTEM32\dbgcore.DLL
0x00007fffbf820000 - 0x00007fffbf89b000 	C:\WINDOWS\System32\bcryptPrimitives.dll
0x00007fffa4880000 - 0x00007fffa48a5000 	C:\Program Files\JetBrains\IntelliJ IDEA Community Edition 2022.3.2\jbr\bin\java.dll

dbghelp: loaded successfully - version: 4.0.5 - missing functions: none
symbol engine: initialized successfully - sym options: 0x614 - pdb path: .;C:\Program Files\JetBrains\IntelliJ IDEA Community Edition 2022.3.2\jbr\bin;C:\WINDOWS\SYSTEM32;C:\WINDOWS\WinSxS\amd64_microsoft.windows.common-controls_6595b64144ccf1df_6.0.22621.4830_none_270fe7d773858e80;C:\Program Files\JetBrains\IntelliJ IDEA Community Edition 2022.3.2\jbr\bin\server

VM Arguments:
java_command: git4idea.http.GitAskPassApp Username for 'https://github.com': 
java_class_path (initial): C:/Program Files/JetBrains/IntelliJ IDEA Community Edition 2022.3.2/plugins/vcs-git/lib/git4idea-rt.jar;C:/Program Files/JetBrains/IntelliJ IDEA Community Edition 2022.3.2/lib/externalProcess-rt.jar;C:/Program Files/JetBrains/IntelliJ IDEA Community Edition 2022.3.2/lib/app.jar;C:/Program Files/JetBrains/IntelliJ IDEA Community Edition 2022.3.2/lib/3rd-party-rt.jar
Launcher Type: SUN_STANDARD

[Global flags]
     intx CICompilerCount                          = 3                                         {product} {ergonomic}
     uint ConcGCThreads                            = 1                                         {product} {ergonomic}
     uint G1ConcRefinementThreads                  = 4                                         {product} {ergonomic}
   size_t G1HeapRegionSize                         = 1048576                                   {product} {ergonomic}
    uintx GCDrainStackTargetSize                   = 64                                        {product} {ergonomic}
   size_t InitialHeapSize                          = 134217728                                 {product} {ergonomic}
   size_t MarkStackSize                            = 4194304                                   {product} {ergonomic}
   size_t MaxHeapSize                              = 2116026368                                {product} {ergonomic}
   size_t MinHeapDeltaBytes                        = 1048576                                   {product} {ergonomic}
   size_t MinHeapSize                              = 8388608                                   {product} {ergonomic}
    uintx NonNMethodCodeHeapSize                   = 5832780                                {pd product} {ergonomic}
    uintx NonProfiledCodeHeapSize                  = 122912730                              {pd product} {ergonomic}
    uintx ProfiledCodeHeapSize                     = 122912730                              {pd product} {ergonomic}
    uintx ReservedCodeCacheSize                    = 251658240                              {pd product} {ergonomic}
     bool SegmentedCodeCache                       = true                                      {product} {ergonomic}
   size_t SoftMaxHeapSize                          = 2116026368                             {manageable} {ergonomic}
     bool UseCompressedClassPointers               = true                           {product lp64_product} {ergonomic}
     bool UseCompressedOops                        = true                           {product lp64_product} {ergonomic}
     bool UseG1GC                                  = true                                      {product} {ergonomic}
     bool UseLargePagesIndividualAllocation        = false                                  {pd product} {ergonomic}

Logging:
Log output configuration:
 #0: stdout all=warning uptime,level,tags
 #1: stderr all=off uptime,level,tags

Environment Variables:
JAVA_HOME=C:\Users\marci\AppData\Local\Programs\Eclipse Adoptium\jdk-17.0.4.101-hotspot\
CLASSPATH=C:\Javalib\antlr-4.13.1-complete.jar
PATH=C:\Program Files\Git\mingw64\libexec\git-core;C:\Program Files\Git\mingw64\libexec\git-core;C:\Program Files\Git\mingw64\bin;C:\Program Files\Git\usr\bin;C:\Users\marci\bin;C:\ARQCP\dbhomeXE\bin;C:\Program Files\Common Files\Oracle\Java\javapath;C:\WINDOWS\system32;C:\WINDOWS;C:\WINDOWS\System32\Wbem;C:\WINDOWS\System32\WindowsPowerShell\v1.0;C:\WINDOWS\System32\OpenSSH;C:\Program Files\dotnet;C:\Program Files\Microsoft SQL Server\130\Tools\Binn;C:\Program Files\Microsoft SQL Server\Client SDK\ODBC\170\Tools\Binn;C:\Program Files\gnuplot\bin;C:\Program Files\Git\cmd;%JAVA_HOME%\bin;C:\Program Files\apache-maven-3.9.6\bin;C:\Javalib\antlr-4.13.1-complete.jar;C:\Program Files\swipl\bin;C:\Program Files\nodejs;C:\Users\marci\AppData\Local\Programs\Eclipse Adoptium\jdk-17.0.4.101-hotspot\bin;C:\Users\marci\AppData\Local\Microsoft\WindowsApps;C:\Users\marci\.dotnet\tools;C:\Users\marci\AppData\Local\Programs\Microsoft VS Code\bin;C:\Program Files\JetBrains\IntelliJ IDEA Community Edition 2022.3.2\bin;C:\Javalib\antlr-4.13.1-complete.jar;C:\Users\marci\AppData\Roaming\npm
USERNAME=Rodrigo Pinto
DISPLAY=:0.0
LC_ALL=en_US.UTF-8
TERM=xterm-256color
TMPDIR=C:\Users\marci\AppData\Local\Temp
OS=Windows_NT
PROCESSOR_IDENTIFIER=Intel64 Family 6 Model 142 Stepping 12, GenuineIntel
TMP=C:\Users\marci\AppData\Local\Temp
TEMP=C:\Users\marci\AppData\Local\Temp



---------------  S Y S T E M  ---------------

OS:
 Windows 11 , 64 bit Build 22621 (10.0.22621.4830)
OS uptime: 0 days 5:28 hours
Hyper-V role detected

CPU: total 4 (initial active 4) (2 cores per cpu, 2 threads per core) family 6 model 142 stepping 12 microcode 0xde, cx8, cmov, fxsr, ht, mmx, 3dnowpref, sse, sse2, sse3, ssse3, sse4.1, sse4.2, popcnt, lzcnt, tsc, tscinvbit, avx, avx2, aes, erms, clmul, bmi1, bmi2, adx, fma, vzeroupper, clflush, clflushopt, hv

Memory: 4k page, system-wide physical 8071M (877M free)
TotalPageFile size 14303M (AvailPageFile size 13M)
current process WorkingSet (physical memory assigned to process): 11M, peak: 11M
current process commit charge ("private bytes"): 52M, peak: 179M

vm_info: OpenJDK 64-Bit Server VM (17.0.5+1-b653.25) for windows-amd64 JRE (17.0.5+1-b653.25), built on 2023-01-04 by "builduser" with MS VC++ 16.10 / 16.11 (VS2019)

END.
